kotlin version: 2.0.20
error message: org.jetbrains.kotlin.backend.common.BackendException: Backend Internal error: Exception during IR lowering
File being compiled: C:/Users/ankud/AndroidStudioProjects/Hapson/app/src/main/java/com/lloppy/hapson/iterator/Iterator.kt
The root cause java.lang.ClassCastException was thrown at: org.jetbrains.kotlin.ir.types.IrTypeSystemContext$DefaultImpls.withNullability(IrTypeSystemContext.kt:85)
	at org.jetbrains.kotlin.backend.common.CodegenUtil.reportBackendException(CodegenUtil.kt:253)
	at org.jetbrains.kotlin.backend.common.CodegenUtil.reportBackendException$default(CodegenUtil.kt:236)
	at org.jetbrains.kotlin.backend.common.phaser.PerformByIrFilePhase.invokeSequential(performByIrFile.kt:65)
	at org.jetbrains.kotlin.backend.common.phaser.PerformByIrFilePhase.invoke(performByIrFile.kt:52)
	at org.jetbrains.kotlin.backend.common.phaser.PerformByIrFilePhase.invoke(performByIrFile.kt:38)
	at org.jetbrains.kotlin.backend.common.phaser.NamedCompilerPhase.phaseBody(CompilerPhase.kt:166)
	at org.jetbrains.kotlin.backend.common.phaser.AbstractNamedCompilerPhase.invoke(CompilerPhase.kt:113)
	at org.jetbrains.kotlin.backend.common.phaser.CompositePhase.invoke(PhaseBuilders.kt:27)
	at org.jetbrains.kotlin.backend.common.phaser.CompositePhase.invoke(PhaseBuilders.kt:14)
	at org.jetbrains.kotlin.backend.common.phaser.NamedCompilerPhase.phaseBody(CompilerPhase.kt:166)
	at org.jetbrains.kotlin.backend.common.phaser.AbstractNamedCompilerPhase.invoke(CompilerPhase.kt:113)
	at org.jetbrains.kotlin.backend.common.phaser.CompilerPhaseKt.invokeToplevel(CompilerPhase.kt:62)
	at org.jetbrains.kotlin.backend.jvm.JvmIrCodegenFactory.invokeLowerings(JvmIrCodegenFactory.kt:358)
	at org.jetbrains.kotlin.codegen.CodegenFactory.generateModule(CodegenFactory.kt:46)
	at org.jetbrains.kotlin.codegen.KotlinCodegenFacade.compileCorrectFiles(KotlinCodegenFacade.java:45)
	at org.jetbrains.kotlin.kapt3.AbstractKapt3Extension.contextForStubGeneration(Kapt3Extension.kt:253)
	at org.jetbrains.kotlin.kapt3.AbstractKapt3Extension.analysisCompleted(Kapt3Extension.kt:149)
	at org.jetbrains.kotlin.kapt3.ClasspathBasedKapt3Extension.analysisCompleted(Kapt3Extension.kt:79)
	at org.jetbrains.kotlin.cli.jvm.compiler.TopDownAnalyzerFacadeForJVM.analyzeFilesWithJavaIntegration$invokeExtensionsOnAnalysisComplete(TopDownAnalyzerFacadeForJVM.kt:104)
	at org.jetbrains.kotlin.cli.jvm.compiler.TopDownAnalyzerFacadeForJVM.analyzeFilesWithJavaIntegration(TopDownAnalyzerFacadeForJVM.kt:114)
	at org.jetbrains.kotlin.cli.jvm.compiler.TopDownAnalyzerFacadeForJVM.analyzeFilesWithJavaIntegration$default(TopDownAnalyzerFacadeForJVM.kt:75)
	at org.jetbrains.kotlin.cli.jvm.compiler.KotlinToJVMBytecodeCompiler.analyze$lambda$12(KotlinToJVMBytecodeCompiler.kt:373)
	at org.jetbrains.kotlin.cli.common.messages.AnalyzerWithCompilerReport.analyzeAndReport(AnalyzerWithCompilerReport.kt:112)
	at org.jetbrains.kotlin.cli.jvm.compiler.KotlinToJVMBytecodeCompiler.analyze(KotlinToJVMBytecodeCompiler.kt:364)
	at org.jetbrains.kotlin.cli.jvm.compiler.KotlinToJVMBytecodeCompiler.runFrontendAndGenerateIrUsingClassicFrontend(KotlinToJVMBytecodeCompiler.kt:195)
	at org.jetbrains.kotlin.cli.jvm.compiler.KotlinToJVMBytecodeCompiler.compileModules$cli(KotlinToJVMBytecodeCompiler.kt:106)
	at org.jetbrains.kotlin.cli.jvm.K2JVMCompiler.doExecute(K2JVMCompiler.kt:170)
	at org.jetbrains.kotlin.cli.jvm.K2JVMCompiler.doExecute(K2JVMCompiler.kt:43)
	at org.jetbrains.kotlin.cli.common.CLICompiler.execImpl(CLICompiler.kt:103)
	at org.jetbrains.kotlin.cli.common.CLICompiler.execImpl(CLICompiler.kt:49)
	at org.jetbrains.kotlin.cli.common.CLITool.exec(CLITool.kt:101)
	at org.jetbrains.kotlin.incremental.IncrementalJvmCompilerRunner.runCompiler(IncrementalJvmCompilerRunner.kt:464)
	at org.jetbrains.kotlin.incremental.IncrementalJvmCompilerRunner.runCompiler(IncrementalJvmCompilerRunner.kt:73)
	at org.jetbrains.kotlin.incremental.IncrementalCompilerRunner.doCompile(IncrementalCompilerRunner.kt:506)
	at org.jetbrains.kotlin.incremental.IncrementalCompilerRunner.compileImpl(IncrementalCompilerRunner.kt:423)
	at org.jetbrains.kotlin.incremental.IncrementalCompilerRunner.tryCompileIncrementally$lambda$9$compile(IncrementalCompilerRunner.kt:249)
	at org.jetbrains.kotlin.incremental.IncrementalCompilerRunner.tryCompileIncrementally(IncrementalCompilerRunner.kt:267)
	at org.jetbrains.kotlin.incremental.IncrementalCompilerRunner.compile(IncrementalCompilerRunner.kt:120)
	at org.jetbrains.kotlin.daemon.CompileServiceImplBase.execIncrementalCompiler(CompileServiceImpl.kt:675)
	at org.jetbrains.kotlin.daemon.CompileServiceImplBase.access$execIncrementalCompiler(CompileServiceImpl.kt:92)
	at org.jetbrains.kotlin.daemon.CompileServiceImpl.compile(CompileServiceImpl.kt:1660)
	at jdk.internal.reflect.GeneratedMethodAccessor19.invoke(Unknown Source)
	at java.base/jdk.internal.reflect.DelegatingMethodAccessorImpl.invoke(DelegatingMethodAccessorImpl.java:43)
	at java.base/java.lang.reflect.Method.invoke(Method.java:568)
	at java.rmi/sun.rmi.server.UnicastServerRef.dispatch(UnicastServerRef.java:360)
	at java.rmi/sun.rmi.transport.Transport$1.run(Transport.java:200)
	at java.rmi/sun.rmi.transport.Transport$1.run(Transport.java:197)
	at java.base/java.security.AccessController.doPrivileged(AccessController.java:712)
	at java.rmi/sun.rmi.transport.Transport.serviceCall(Transport.java:196)
	at java.rmi/sun.rmi.transport.tcp.TCPTransport.handleMessages(TCPTransport.java:587)
	at java.rmi/sun.rmi.transport.tcp.TCPTransport$ConnectionHandler.run0(TCPTransport.java:828)
	at java.rmi/sun.rmi.transport.tcp.TCPTransport$ConnectionHandler.lambda$run$0(TCPTransport.java:705)
	at java.base/java.security.AccessController.doPrivileged(AccessController.java:399)
	at java.rmi/sun.rmi.transport.tcp.TCPTransport$ConnectionHandler.run(TCPTransport.java:704)
	at java.base/java.util.concurrent.ThreadPoolExecutor.runWorker(ThreadPoolExecutor.java:1136)
	at java.base/java.util.concurrent.ThreadPoolExecutor$Worker.run(ThreadPoolExecutor.java:635)
	at java.base/java.lang.Thread.run(Thread.java:840)
Caused by: java.lang.ClassCastException: class org.jetbrains.kotlin.ir.types.impl.IrErrorTypeImpl cannot be cast to class org.jetbrains.kotlin.ir.types.IrSimpleType (org.jetbrains.kotlin.ir.types.impl.IrErrorTypeImpl and org.jetbrains.kotlin.ir.types.IrSimpleType are in unnamed module of loader 'app')
	at org.jetbrains.kotlin.ir.types.IrTypeSystemContext$DefaultImpls.withNullability(IrTypeSystemContext.kt:85)
	at org.jetbrains.kotlin.backend.jvm.JvmIrTypeSystemContext.withNullability(JvmIrTypeSystemContext.kt:21)
	at org.jetbrains.kotlin.ir.types.IrTypeSystemContextWithAdditionalAxioms.withNullability(IrTypeCheckerUtils.kt)
	at org.jetbrains.kotlin.types.AbstractTypeChecker.checkSubtypeForSpecialCases(AbstractTypeChecker.kt:552)
	at org.jetbrains.kotlin.types.AbstractTypeChecker.completeIsSubTypeOf(AbstractTypeChecker.kt:289)
	at org.jetbrains.kotlin.types.AbstractTypeChecker.isSubtypeOf(AbstractTypeChecker.kt:257)
	at org.jetbrains.kotlin.types.AbstractTypeChecker.isSubtypeOf$default(AbstractTypeChecker.kt:246)
	at org.jetbrains.kotlin.types.AbstractTypeChecker.isSubtypeForSameConstructor(AbstractTypeChecker.kt:503)
	at org.jetbrains.kotlin.types.AbstractTypeChecker.isSubtypeOfForSingleClassifierType(AbstractTypeChecker.kt:406)
	at org.jetbrains.kotlin.types.AbstractTypeChecker.completeIsSubTypeOf(AbstractTypeChecker.kt:297)
	at org.jetbrains.kotlin.types.AbstractTypeChecker.isSubtypeOf(AbstractTypeChecker.kt:257)
	at org.jetbrains.kotlin.types.AbstractTypeChecker.isSubtypeOf$default(AbstractTypeChecker.kt:246)
	at org.jetbrains.kotlin.backend.jvm.lower.CollectionStubMethodLowering.isReturnTypeOverrideCompliant$backend_jvm_lower(CollectionStubMethodLowering.kt:256)
	at org.jetbrains.kotlin.backend.jvm.lower.CollectionStubMethodLowering.isEffectivelyOverriddenBy(CollectionStubMethodLowering.kt:214)
	at org.jetbrains.kotlin.backend.jvm.lower.CollectionStubMethodLowering.lower(CollectionStubMethodLowering.kt:67)
	at org.jetbrains.kotlin.backend.common.ClassLoweringVisitor.visitClass(Lower.kt:98)
	at org.jetbrains.kotlin.ir.visitors.IrElementVisitorVoid$DefaultImpls.visitClass(IrElementVisitorVoid.kt:44)
	at org.jetbrains.kotlin.backend.common.ClassLoweringVisitor.visitClass(Lower.kt:89)
	at org.jetbrains.kotlin.backend.common.ClassLoweringVisitor.visitClass(Lower.kt:89)
	at org.jetbrains.kotlin.ir.declarations.IrClass.accept(IrClass.kt:72)
	at org.jetbrains.kotlin.ir.declarations.IrFile.acceptChildren(IrFile.kt:34)
	at org.jetbrains.kotlin.ir.visitors.IrVisitorsKt.acceptChildrenVoid(IrVisitors.kt:15)
	at org.jetbrains.kotlin.backend.common.ClassLoweringVisitor.visitElement(Lower.kt:93)
	at org.jetbrains.kotlin.ir.visitors.IrElementVisitorVoid$DefaultImpls.visitPackageFragment(IrElementVisitorVoid.kt:168)
	at org.jetbrains.kotlin.backend.common.ClassLoweringVisitor.visitPackageFragment(Lower.kt:89)
	at org.jetbrains.kotlin.ir.visitors.IrElementVisitorVoid$DefaultImpls.visitFile(IrElementVisitorVoid.kt:184)
	at org.jetbrains.kotlin.backend.common.ClassLoweringVisitor.visitFile(Lower.kt:89)
	at org.jetbrains.kotlin.ir.visitors.IrElementVisitorVoid$DefaultImpls.visitFile(IrElementVisitorVoid.kt:180)
	at org.jetbrains.kotlin.backend.common.ClassLoweringVisitor.visitFile(Lower.kt:89)
	at org.jetbrains.kotlin.backend.common.ClassLoweringVisitor.visitFile(Lower.kt:89)
	at org.jetbrains.kotlin.ir.declarations.IrFile.accept(IrFile.kt:28)
	at org.jetbrains.kotlin.ir.visitors.IrVisitorsKt.acceptVoid(IrVisitors.kt:11)
	at org.jetbrains.kotlin.backend.common.LowerKt.runOnFilePostfix(Lower.kt:86)
	at org.jetbrains.kotlin.backend.common.ClassLoweringPass.lower(Lower.kt:58)
	at org.jetbrains.kotlin.backend.common.phaser.PhaseFactoriesKt.createFilePhase$lambda$4(PhaseFactories.kt:71)
	at org.jetbrains.kotlin.backend.common.phaser.PhaseBuildersKt$createSimpleNamedCompilerPhase$1.phaseBody(PhaseBuilders.kt:69)
	at org.jetbrains.kotlin.backend.common.phaser.SimpleNamedCompilerPhase.phaseBody(CompilerPhase.kt:226)
	at org.jetbrains.kotlin.backend.common.phaser.AbstractNamedCompilerPhase.invoke(CompilerPhase.kt:113)
	at org.jetbrains.kotlin.backend.common.phaser.PerformByIrFilePhase.invokeSequential(performByIrFile.kt:62)
	... 54 more


